<?xml version="1.0" encoding="UTF-8"?>
<testsuite xmlns:xsi="http://www.w3.org/2001/XMLSchema-instance" xsi:noNamespaceSchemaLocation="https://maven.apache.org/surefire/maven-surefire-plugin/xsd/surefire-test-report.xsd" name="usecases.ManageCurriculaTest" time="0.317" tests="8" errors="0" skipped="0" failures="0">
  <properties>
[...]
</properties>
  <testcase name="driverCreateMiscellaneousData" classname="usecases.ManageCurriculaTest" time="0.052"/>
  <testcase name="driverDeletePositionData" classname="usecases.ManageCurriculaTest" time="0.04"/>
  <testcase name="driverCreate" classname="usecases.ManageCurriculaTest" time="0.042"/>
  <testcase name="driverPersonalData" classname="usecases.ManageCurriculaTest" time="0.05"/>
  <testcase name="driverDeleteEducationData" classname="usecases.ManageCurriculaTest" time="0.031"/>
  <testcase name="driverDeleteMiscellaneousData" classname="usecases.ManageCurriculaTest" time="0.03"/>
  <testcase name="driverCreatePositionData" classname="usecases.ManageCurriculaTest" time="0.036"/>
  <testcase name="driverCreateEducationData" classname="usecases.ManageCurriculaTest" time="0.036"/>
</testsuite>